[    0.000000] Initializing cgroup subsys cpuset
[    0.000000] Initializing cgroup subsys cpu
[    0.000000] Initializing cgroup subsys cpuacct
[    0.000000] Linux version 4.4.0-96-generic (buildd@lgw01-10) (gcc version 5.4.0 20160609 (Ubuntu 5.4.0-6ubuntu1~16.04.4) ) #119-Ubuntu SMP Tue Sep 12 14:59:54 UTC 2017 (Ubuntu 4.4.0-96.119-generic 4.4.83)
[    0.000000] Command line: BOOT_IMAGE=/boot/vmlinuz-4.4.0-96-generic root=LABEL=cloudimg-rootfs ro console=tty1 console=ttyS0
[    0.000000] KERNEL supported cpus:
[    0.000000]   Intel GenuineIntel
[    0.000000]   AMD AuthenticAMD
[    0.000000]   Centaur CentaurHauls
[    0.000000] x86/fpu: xstate_offset[2]:  576, xstate_sizes[2]:  256
[    0.000000] x86/fpu: Supporting XSAVE feature 0x01: 'x87 floating point registers'
[    0.000000] x86/fpu: Supporting XSAVE feature 0x02: 'SSE registers'
[    0.000000] x86/fpu: Supporting XSAVE feature 0x04: 'AVX registers'
[    0.000000] x86/fpu: Enabled xstate features 0x7, context size is 832 bytes, using 'standard' format.
[    0.000000] x86/fpu: Using 'lazy' FPU context switches.
[    0.000000] e820: BIOS-provided physical RAM map:
[    0.000000] BIOS-e820: [mem 0x0000000000000000-0x000000000009fbff] usable
[    0.000000] BIOS-e820: [mem 0x000000000009fc00-0x000000000009ffff] reserved
[    0.000000] BIOS-e820: [mem 0x00000000000f0000-0x00000000000fffff] reserved
[    0.000000] BIOS-e820: [mem 0x0000000000100000-0x000000001ffeffff] usable
[    0.000000] BIOS-e820: [mem 0x000000001fff0000-0x000000001fffffff] ACPI data
[    0.000000] BIOS-e820: [mem 0x00000000fec00000-0x00000000fec00fff] reserved
[    0.000000] BIOS-e820: [mem 0x00000000fee00000-0x00000000fee00fff] reserved
[    0.000000] BIOS-e820: [mem 0x00000000fffc0000-0x00000000ffffffff] reserved
[    0.000000] NX (Execute Disable) protection: active
[    0.000000] SMBIOS 2.5 present.
[    0.000000] Hypervisor detected: KVM
[    0.000000] e820: last_pfn = 0x1fff0 max_arch_pfn = 0x400000000
[    0.000000] MTRR: Disabled
[    0.000000] x86/PAT: MTRRs disabled, skipping PAT initialization too.
[    0.000000] CPU MTRRs all blank - virtualized system.
[    0.000000] x86/PAT: Configuration [0-7]: WB  WT  UC- UC  WB  WT  UC- UC  
[    0.000000] found SMP MP-table at [mem 0x0009fff0-0x0009ffff] mapped at [ffff88000009fff0]
[    0.000000] Scanning 1 areas for low memory corruption
[    0.000000] RAMDISK: [mem 0x1eced000-0x1f785fff]
[    0.000000] ACPI: Early table checksum verification disabled
[    0.000000] ACPI: RSDP 0x00000000000E0000 000024 (v02 VBOX  )
[    0.000000] ACPI: XSDT 0x000000001FFF0030 00003C (v01 VBOX   VBOXXSDT 00000001 ASL  00000061)
[    0.000000] ACPI: FACP 0x000000001FFF00F0 0000F4 (v04 VBOX   VBOXFACP 00000001 ASL  00000061)
[    0.000000] ACPI: DSDT 0x000000001FFF0470 0021FF (v02 VBOX   VBOXBIOS 00000002 INTL 20100528)
[    0.000000] ACPI: FACS 0x000000001FFF0200 000040
[    0.000000] ACPI: FACS 0x000000001FFF0200 000040
[    0.000000] ACPI: APIC 0x000000001FFF0240 00005C (v02 VBOX   VBOXAPIC 00000001 ASL  00000061)
[    0.000000] ACPI: SSDT 0x000000001FFF02A0 0001CC (v01 VBOX   VBOXCPUT 00000002 INTL 20100528)
[    0.000000] No NUMA configuration found
[    0.000000] Faking a node at [mem 0x0000000000000000-0x000000001ffeffff]
[    0.000000] NODE_DATA(0) allocated [mem 0x1ffeb000-0x1ffeffff]
[    0.000000] kvm-clock: Using msrs 4b564d01 and 4b564d00
[    0.000000] kvm-clock: cpu 0, msr 0:1ffe3001, primary cpu clock
[    0.000000] kvm-clock: using sched offset of 2928461140 cycles
[    0.000000] clocksource: kvm-clock: mask: 0xffffffffffffffff max_cycles: 0x1cd42e4dffb, max_idle_ns: 881590591483 ns
[    0.000000] Zone ranges:
[    0.000000]   DMA      [mem 0x0000000000001000-0x0000000000ffffff]
[    0.000000]   DMA32    [mem 0x0000000001000000-0x000000001ffeffff]
[    0.000000]   Normal   empty
[    0.000000]   Device   empty
[    0.000000] Movable zone start for each node
[    0.000000] Early memory node ranges
[    0.000000]   node   0: [mem 0x0000000000001000-0x000000000009efff]
[    0.000000]   node   0: [mem 0x0000000000100000-0x000000001ffeffff]
[    0.000000] Initmem setup node 0 [mem 0x0000000000001000-0x000000001ffeffff]
[    0.000000] ACPI: PM-Timer IO Port: 0x4008
[    0.000000] IOAPIC[0]: apic_id 2, version 32, address 0xfec00000, GSI 0-23
[    0.000000] ACPI: INT_SRC_OVR (bus 0 bus_irq 0 global_irq 2 dfl dfl)
[    0.000000] ACPI: INT_SRC_OVR (bus 0 bus_irq 9 global_irq 9 high level)
[    0.000000] Using ACPI (MADT) for SMP configuration information
[    0.000000] smpboot: Allowing 2 CPUs, 0 hotplug CPUs
[    0.000000] PM: Registered nosave memory: [mem 0x00000000-0x00000fff]
[    0.000000] PM: Registered nosave memory: [mem 0x0009f000-0x0009ffff]
[    0.000000] PM: Registered nosave memory: [mem 0x000a0000-0x000effff]
[    0.000000] PM: Registered nosave memory: [mem 0x000f0000-0x000fffff]
[    0.000000] e820: [mem 0x20000000-0xfebfffff] available for PCI devices
[    0.000000] Booting paravirtualized kernel on KVM
[    0.000000] clocksource: refined-jiffies: mask: 0xffffffff max_cycles: 0xffffffff, max_idle_ns: 7645519600211568 ns
[    0.000000] setup_percpu: NR_CPUS:512 nr_cpumask_bits:512 nr_cpu_ids:2 nr_node_ids:1
[    0.000000] PERCPU: Embedded 34 pages/cpu @ffff88001fc00000 s98328 r8192 d32744 u1048576
[    0.000000] PV qspinlock hash table entries: 256 (order: 0, 4096 bytes)
[    0.000000] Built 1 zonelists in Node order, mobility grouping on.  Total pages: 128889
[    0.000000] Policy zone: DMA32
[    0.000000] Kernel command line: BOOT_IMAGE=/boot/vmlinuz-4.4.0-96-generic root=LABEL=cloudimg-rootfs ro console=tty1 console=ttyS0
[    0.000000] PID hash table entries: 2048 (order: 2, 16384 bytes)
[    0.000000] Memory: 485632K/523832K available (8479K kernel code, 1294K rwdata, 3984K rodata, 1492K init, 1316K bss, 38200K reserved, 0K cma-reserved)
[    0.000000] SLUB: HWalign=64, Order=0-3, MinObjects=0, CPUs=2, Nodes=1
[    0.000000] Hierarchical RCU implementation.
[    0.000000] 	Build-time adjustment of leaf fanout to 64.
[    0.000000] 	RCU restricting CPUs from NR_CPUS=512 to nr_cpu_ids=2.
[    0.000000] RCU: Adjusting geometry for rcu_fanout_leaf=64, nr_cpu_ids=2
[    0.000000] NR_IRQS:33024 nr_irqs:440 16
[    0.000000] Console: colour VGA+ 80x25
[    0.000000] console [tty1] enabled
[    0.000000] console [ttyS0] enabled
[    0.000000] tsc: Detected 2494.226 MHz processor
[   12.768132] Calibrating delay loop (skipped) preset value.. 4988.45 BogoMIPS (lpj=9976904)
[   12.975779] pid_max: default: 32768 minimum: 301
[   13.088708] ACPI: Core revision 20150930
[   13.177782] ACPI: 2 ACPI AML tables successfully acquired and loaded
[   13.339902] Security Framework initialized
[   13.433341] Yama: becoming mindful.
[   13.507037] AppArmor: AppArmor initialized
[   13.561569] Dentry cache hash table entries: 65536 (order: 7, 524288 bytes)
[   13.608174] Inode-cache hash table entries: 32768 (order: 6, 262144 bytes)
[   13.757862] Mount-cache hash table entries: 1024 (order: 1, 8192 bytes)
[   13.920203] Mountpoint-cache hash table entries: 1024 (order: 1, 8192 bytes)
[   14.082810] Initializing cgroup subsys io
[   14.182903] Initializing cgroup subsys memory
[   14.281819] Initializing cgroup subsys devices
[   14.376064] Initializing cgroup subsys freezer
[   14.483893] Initializing cgroup subsys net_cls
[   14.571450] Initializing cgroup subsys perf_event
[   14.653859] Initializing cgroup subsys net_prio
[   14.700729] Initializing cgroup subsys hugetlb
[   14.705606] Initializing cgroup subsys pids
[   14.706392] CPU: Physical Processor ID: 0
[   14.707081] CPU: Processor Core ID: 0
[   14.780292] mce: CPU supports 0 MCE banks
[   14.886340] Last level iTLB entries: 4KB 1024, 2MB 1024, 4MB 1024
[   15.016433] Last level dTLB entries: 4KB 1024, 2MB 1024, 4MB 1024, 1GB 4
[   15.169079] Freeing SMP alternatives memory: 32K
[   15.278139] ftrace: allocating 32146 entries in 126 pages
[   15.451174] smpboot: APIC(0) Converting physical 0 to logical package 0
[   15.601824] smpboot: Max logical packages: 1
[   15.705631] x2apic enabled
[   15.748541] Switched APIC routing to physical x2apic.
[   15.791504] ..TIMER: vector=0x30 apic1=0 pin1=2 apic2=-1 pin2=-1
[   16.008276] smpboot: CPU0: Intel(R) Core(TM) i7-4870HQ CPU @ 2.50GHz (family: 0x6, model: 0x46, stepping: 0x1)
[   16.240941] Performance Events: unsupported p6 CPU model 70 no PMU driver, software events only.
[   16.450448] KVM setup paravirtual spinlock
[   16.548577] x86: Booting SMP configuration:
[   16.639611] .... node  #0, CPUs:      #1
[   16.740300] kvm-clock: cpu 1, msr 0:1ffe3041, secondary cpu clock
[   16.856127] mce: CPU supports 0 MCE banks
[   16.877284] x86: Booted up 1 node, 2 CPUs
[   16.896997] smpboot: Total of 2 processors activated (9976.90 BogoMIPS)
[   16.986096] devtmpfs: initialized
[   17.074263] evm: security.selinux
[   17.158569] evm: security.SMACK64
[   17.229386] evm: security.SMACK64EXEC
[   17.316061] evm: security.SMACK64TRANSMUTE
[   17.414291] evm: security.SMACK64MMAP
[   17.498747] evm: security.ima
[   17.571920] evm: security.capability
[   17.657770] clocksource: jiffies: mask: 0xffffffff max_cycles: 0xffffffff, max_idle_ns: 7645041785100000 ns
[   17.882078] futex hash table entries: 512 (order: 3, 32768 bytes)
[   17.959933] pinctrl core: initialized pinctrl subsystem
[   18.022311] RTC time: 16:13:11, date: 10/03/17
[   18.152968] NET: Registered protocol family 16
[   18.281531] cpuidle: using governor ladder
[   18.394127] cpuidle: using governor menu
[   18.490834] PCCT header not found.
[   18.568349] ACPI: bus type PCI registered
[   18.655806] acpiphp: ACPI Hot Plug PCI Controller Driver version: 0.5
[   18.822106] PCI: Using configuration type 1 for base access
[   18.963114] ACPI: Added _OSI(Module Device)
[   19.042971] ACPI: Added _OSI(Processor Device)
[   19.068060] ACPI: Added _OSI(3.0 _SCP Extensions)
[   19.139070] ACPI: Added _OSI(Processor Aggregator Device)
[   19.277678] ACPI: Executed 1 blocks of module-level executable AML code
[   19.448660] ACPI: Interpreter enabled
[   19.534275] ACPI: (supports S0 S5)
[   19.588243] ACPI: Using IOAPIC for interrupt routing
[   19.707360] PCI: Using host bridge windows from ACPI; if necessary, use "pci=nocrs" and report a bug
[   19.947326] ACPI: PCI Root Bridge [PCI0] (domain 0000 [bus 00-ff])
[   20.109417] acpi PNP0A03:00: _OSC: OS supports [ASPM ClockPM Segments MSI]
[   20.152555] acpi PNP0A03:00: _OSC: not requesting OS control; OS requires [ExtendedConfig ASPM ClockPM MSI]
[   20.321807] acpi PNP0A03:00: fail to add MMCONFIG information, can't access extended PCI configuration space under this bridge.
[   20.609689] PCI host bridge to bus 0000:00
[   20.723965] pci_bus 0000:00: root bus resource [io  0x0000-0x0cf7 window]
[   20.912017] pci_bus 0000:00: root bus resource [io  0x0d00-0xffff window]
[   21.091506] pci_bus 0000:00: root bus resource [mem 0x000a0000-0x000bffff window]
[   21.230846] pci_bus 0000:00: root bus resource [mem 0x20000000-0xffdfffff window]
[   21.318478] pci_bus 0000:00: root bus resource [bus 00-ff]
[   21.464812] pci 0000:00:01.1: legacy IDE quirk: reg 0x10: [io  0x01f0-0x01f7]
[   21.623895] pci 0000:00:01.1: legacy IDE quirk: reg 0x14: [io  0x03f6]
[   21.794887] pci 0000:00:01.1: legacy IDE quirk: reg 0x18: [io  0x0170-0x0177]
[   21.978881] pci 0000:00:01.1: legacy IDE quirk: reg 0x1c: [io  0x0376]
[   22.163167] pci 0000:00:07.0: quirk: [io  0x4000-0x403f] claimed by PIIX4 ACPI
[   22.314714] pci 0000:00:07.0: quirk: [io  0x4100-0x410f] claimed by PIIX4 SMB
[   22.383780] ACPI: PCI Interrupt Link [LNKA] (IRQs 5 9 10 *11)
[   22.522053] ACPI: PCI Interrupt Link [LNKB] (IRQs 5 9 10 *11)
[   22.625981] ACPI: PCI Interrupt Link [LNKC] (IRQs 5 9 *10 11)
[   22.754488] ACPI: PCI Interrupt Link [LNKD] (IRQs 5 *9 10 11)
[   22.887869] ACPI: Enabled 2 GPEs in block 00 to 07
[   23.008922] vgaarb: setting as boot device: PCI:0000:00:02.0
[   23.164013] vgaarb: device added: PCI:0000:00:02.0,decodes=io+mem,owns=io+mem,locks=none
[   23.385065] vgaarb: loaded
[   23.412465] vgaarb: bridge control possible 0000:00:02.0
[   23.448883] SCSI subsystem initialized
[   23.449649] ACPI: bus type USB registered
[   23.473967] usbcore: registered new interface driver usbfs
[   23.596757] usbcore: registered new interface driver hub
[   23.713484] usbcore: registered new device driver usb
[   23.817404] PCI: Using ACPI for IRQ routing
[   23.933989] NetLabel: Initializing
[   24.022585] NetLabel:  domain hash size = 128
[   24.133056] NetLabel:  protocols = UNLABELED CIPSOv4
[   24.255872] NetLabel:  unlabeled traffic allowed by default
[   24.389395] amd_nb: Cannot enumerate AMD northbridges
[   24.496533] clocksource: Switched to clocksource kvm-clock
[   24.549507] AppArmor: AppArmor Filesystem Enabled
[   24.659241] pnp: PnP ACPI init
[   24.751320] pnp: PnP ACPI: found 3 devices
[   24.880544] clocksource: acpi_pm: mask: 0xffffff max_cycles: 0xffffff, max_idle_ns: 2085701024 ns
[   25.128435] NET: Registered protocol family 2
[   25.251233] TCP established hash table entries: 4096 (order: 3, 32768 bytes)
[   25.458008] TCP bind hash table entries: 4096 (order: 4, 65536 bytes)
[   25.594842] TCP: Hash tables configured (established 4096 bind 4096)
[   25.749474] UDP hash table entries: 256 (order: 1, 8192 bytes)
[   25.914687] UDP-Lite hash table entries: 256 (order: 1, 8192 bytes)
[   26.094037] NET: Registered protocol family 1
[   26.210787] pci 0000:00:00.0: Limiting direct PCI/PCI transfers
[   26.388330] pci 0000:00:01.0: Activating ISA DMA hang workarounds
[   26.559112] Unpacking initramfs...
[   28.127983] Freeing initrd memory: 10852K
[   28.237465] platform rtc_cmos: registered platform RTC device (no PNP device found)
[   28.458065] Scanning for low memory corruption every 60 seconds
[   28.620333] audit: initializing netlink subsys (disabled)
[   28.763414] audit: type=2000 audit(1507047183.012:1): initialized
[   28.898673] Initialise system trusted keyring
[   28.926953] HugeTLB registered 2 MB page size, pre-allocated 0 pages
[   28.938660] zbud: loaded
[   28.964063] VFS: Disk quotas dquot_6.6.0
[   29.078450] VFS: Dquot-cache hash table entries: 512 (order 0, 4096 bytes)
[   29.279334] tsc: Refined TSC clocksource calibration: 2492.723 MHz
[   29.450934] clocksource: tsc: mask: 0xffffffffffffffff max_cycles: 0x23ee5fa8916, max_idle_ns: 440795264443 ns
[   29.451214] squashfs: version 4.0 (2009/01/31) Phillip Lougher
[   29.451404] fuse init (API version 7.23)
[   29.451496] Key type big_key registered
[   29.451513] Allocating IMA MOK and blacklist keyrings.
[   29.451670] Key type asymmetric registered
[   29.451676] Asymmetric key parser 'x509' registered
[   29.451702] Block layer SCSI generic (bsg) driver version 0.4 loaded (major 249)
[   29.451726] io scheduler noop registered
[   29.451728] io scheduler deadline registered (default)
[   29.451749] io scheduler cfq registered
[   29.451827] pci_hotplug: PCI Hot Plug PCI Core version: 0.5
[   29.451830] pciehp: PCI Express Hot Plug Controller Driver version: 0.4
[   29.452189] ACPI: AC Adapter [AC] (off-line)
[   29.452242] input: Power Button as /devices/LNXSYSTM:00/LNXPWRBN:00/input/input0
[   29.452244] ACPI: Power Button [PWRF]
[   29.452301] input: Sleep Button as /devices/LNXSYSTM:00/LNXSLPBN:00/input/input1
[   29.452302] ACPI: Sleep Button [SLPF]
[   29.452414] GHES: HEST is not enabled!
[   29.453297] ACPI: Battery Slot [BAT0] (battery present)
[   29.453335] Serial: 8250/16550 driver, 32 ports, IRQ sharing enabled
[   29.772097] 00:02: ttyS0 at I/O 0x3f8 (irq = 4, base_baud = 115200) is a 16550A
[   29.938288] Linux agpgart interface v0.103
[   30.032491] loop: module loaded
[   30.032967] scsi host0: ata_piix
[   30.033010] scsi host1: ata_piix
[   30.033033] ata1: PATA max UDMA/33 cmd 0x1f0 ctl 0x3f6 bmdma 0xd000 irq 14
[   30.033034] ata2: PATA max UDMA/33 cmd 0x170 ctl 0x376 bmdma 0xd008 irq 15
[   30.033094] libphy: Fixed MDIO Bus: probed
[   30.033096] tun: Universal TUN/TAP device driver, 1.6
[   30.033096] tun: (C) 1999-2004 Max Krasnyansky <maxk@qualcomm.com>
[   30.033354] PPP generic driver version 2.4.2
[   30.033398] ehci_hcd: USB 2.0 'Enhanced' Host Controller (EHCI) Driver
[   30.033401] ehci-pci: EHCI PCI platform driver
[   30.033414] ehci-platform: EHCI generic platform driver
[   30.033421] ohci_hcd: USB 1.1 'Open' Host Controller (OHCI) Driver
[   30.033424] ohci-pci: OHCI PCI platform driver
[   30.033431] ohci-platform: OHCI generic platform driver
[   30.033437] uhci_hcd: USB Universal Host Controller Interface driver
[   30.033483] i8042: PNP: PS/2 Controller [PNP0303:PS2K,PNP0f03:PS2M] at 0x60,0x64 irq 1,12
[   30.138443] serio: i8042 KBD port at 0x60,0x64 irq 1
[   30.138450] serio: i8042 AUX port at 0x60,0x64 irq 12
[   30.138575] mousedev: PS/2 mouse device common for all mice
[   30.138834] rtc_cmos rtc_cmos: rtc core: registered rtc_cmos as rtc0
[   30.138878] rtc_cmos rtc_cmos: alarms up to one day, 114 bytes nvram
[   30.138883] i2c /dev entries driver
[   30.138935] device-mapper: uevent: version 1.0.3
[   30.138980] device-mapper: ioctl: 4.34.0-ioctl (2015-10-28) initialised: dm-devel@redhat.com
[   30.138995] ledtrig-cpu: registered to indicate activity on CPUs
[   30.139256] NET: Registered protocol family 10
[   30.139391] NET: Registered protocol family 17
[   30.139400] Key type dns_resolver registered
[   30.294494] microcode: CPU0 sig=0x40661, pf=0x40, revision=0x0
[   30.294522] microcode: CPU1 sig=0x40661, pf=0x40, revision=0x0
[   30.294578] microcode: Microcode Update Driver: v2.01 <tigran@aivazian.fsnet.co.uk>, Peter Oruba
[   30.294688] registered taskstats version 1
[   30.294702] Loading compiled-in X.509 certificates
[   30.295219] Loaded X.509 cert 'Build time autogenerated kernel key: b1a6ea8776bed2812c00d8a799f968274ef48628'
[   30.295233] zswap: loaded using pool lzo/zbud
[   30.296321] Key type trusted registered
[   30.298155] Key type encrypted registered
[   30.298159] AppArmor: AppArmor sha1 policy hashing enabled
[   30.298162] ima: No TPM chip found, activating TPM-bypass!
[   30.298179] evm: HMAC attrs: 0x1
[   30.298422]   Magic number: 5:115:236
[   30.298439] rtc_cmos rtc_cmos: hash matches
[   30.500470] rtc_cmos rtc_cmos: setting system clock to 2017-10-03 16:13:24 UTC (1507047204)
[   30.500621] BIOS EDD facility v0.16 2004-Jun-25, 0 devices found
[   30.500621] EDD information not available.
[   31.101444] input: AT Translated Set 2 keyboard as /devices/platform/i8042/serio0/input/input2
[   37.970423] Freeing unused kernel memory: 1492K
[   38.074481] Write protecting the kernel read-only data: 14336k
[   38.319417] Freeing unused kernel memory: 1748K
[   38.468884] Freeing unused kernel memory: 112K
Loading, please [   38.608657] random: systemd-udevd: uninitialized urandom read (16 bytes read, 4 bits of entropy available)
wait...
startin[   38.610713] random: udevadm: uninitialized urandom read (16 bytes read, 4 bits of entropy available)
g version 229
[   38.610764] random: udevadm: uninitialized urandom read (16 bytes read, 4 bits of entropy available)
[   38.610855] random: udevadm: uninitialized urandom read (16 bytes read, 4 bits of entropy available)
[   38.610886] random: udevadm: uninitialized urandom read (16 bytes read, 4 bits of entropy available)
[   38.610917] random: udevadm: uninitialized urandom read (16 bytes read, 4 bits of entropy available)
[   38.610946] random: udevadm: uninitialized urandom read (16 bytes read, 4 bits of entropy available)
[   38.610974] random: udevadm: uninitialized urandom read (16 bytes read, 4 bits of entropy available)
[   38.611000] random: udevadm: uninitialized urandom read (16 bytes read, 4 bits of entropy available)
[   38.611029] random: udevadm: uninitialized urandom read (16 bytes read, 4 bits of entropy available)
[   40.953723] e1000: Intel(R) PRO/1000 Network Driver - version 7.3.21-k8-NAPI
[   40.985015] e1000: Copyright (c) 1999-2006 Intel Corporation.
[   41.140853] Fusion MPT base driver 3.04.20
[   41.264881] Copyright (c) 1999-2008 LSI Corporation
[   41.431304] Fusion MPT SPI Host driver 3.04.20
[   41.558922] AVX version of gcm_enc/dec engaged.
[   41.760624] AES CTR mode by8 optimization enabled
[   41.884351] input: ImExPS/2 Generic Explorer Mouse as /devices/platform/i8042/serio1/input/input4
[   42.084701] e1000 0000:00:03.0 eth0: (PCI:33MHz:32-bit) 02:d1:58:fa:01:98
[   42.381169] e1000 0000:00:03.0 eth0: Intel(R) PRO/1000 Network Connection
[   42.601583] mptbase: ioc0: Initiating bringup
[   42.812774] ioc0: LSI53C1030 A0: Capabilities={Initiator}
[   42.978816] scsi host2: ioc0: LSI53C1030 A0, FwRev=00000000h, Ports=1, MaxQ=256, IRQ=20
[   43.136920] scsi 2:0:0:0: Direct-Access     VBOX     HARDDISK         1.0  PQ: 0 ANSI: 5
[   43.290215] scsi target2:0:0: Beginning Domain Validation
[   43.581712] scsi target2:0:0: Domain Validation skipping write tests
[   43.881456] scsi target2:0:0: Ending Domain Validation
[   43.930485] scsi target2:0:0: asynchronous
[   44.036801] scsi 2:0:1:0: Direct-Access     VBOX     HARDDISK         1.0  PQ: 0 ANSI: 5
[   44.200330] e1000 0000:00:08.0 eth1: (PCI:33MHz:32-bit) 08:00:27:17:19:58
[   44.200334] e1000 0000:00:08.0 eth1: Intel(R) PRO/1000 Network Connection
[   44.377735] floppy0: no floppy controllers found
[   44.378247] e1000 0000:00:08.0 enp0s8: renamed from eth1
[   44.389028] scsi target2:0:1: Beginning Domain Validation
[   44.390621] scsi target2:0:1: Domain Validation skipping write tests
[   44.390622] scsi target2:0:1: Ending Domain Validation
[   44.390650] scsi target2:0:1: asynchronous
[   44.559580] sd 2:0:0:0: [sda] 20971520 512-byte logical blocks: (10.7 GB/10.0 GiB)
[   44.559805] sd 2:0:0:0: [sda] Write Protect is off
[   44.559957] sd 2:0:0:0: [sda] Incomplete mode parameter data
[   44.559958] sd 2:0:0:0: [sda] Assuming drive cache: write through
[   44.757184] sd 2:0:0:0: Attached scsi generic sg0 type 0
[   44.757460] sd 2:0:1:0: Attached scsi generic sg1 type 0
[   44.757593] sd 2:0:1:0: [sdb] 20480 512-byte logical blocks: (10.5 MB/10.0 MiB)
[   44.758120] sd 2:0:1:0: [sdb] Write Protect is off
[   44.758326] sd 2:0:1:0: [sdb] Incomplete mode parameter data
[   44.758327] sd 2:0:1:0: [sdb] Assuming drive cache: write through
[   44.758625]  sda: sda1
[   44.759494] sd 2:0:0:0: [sda] Attached SCSI disk
[   44.760171] sd 2:0:1:0: [sdb] Attached SCSI disk
[   47.324967] e1000 0000:00:03.0 enp0s3: renamed from eth0
Begin: Loading e[   48.755685] md: linear personality registered for level -1
ssential drivers[   49.132809] md: multipath personality registered for level -4
 ... [   49.297809] md: raid0 personality registered for level 0
[   49.508844] md: raid1 personality registered for level 1
[   49.692582] raid6: sse2x1   gen() 10625 MB/s
[   49.792739] raid6: sse2x1   xor()  8333 MB/s
[   49.985026] raid6: sse2x2   gen() 12074 MB/s
[   50.160557] raid6: sse2x2   xor()  9538 MB/s
[   50.336767] raid6: sse2x4   gen() 15220 MB/s
[   50.516740] raid6: sse2x4   xor()  9375 MB/s
[   50.597496] raid6: using algorithm sse2x4 gen() 15220 MB/s
[   50.748789] raid6: .... xor() 9375 MB/s, rmw enabled
[   50.805819] raid6: using ssse3x2 recovery algorithm
[   50.905967] xor: automatically using best checksumming function:
[   51.184634]    avx       : 33487.000 MB/sec
[   51.353039] async_tx: api initialized (async)
[   51.441230] md: raid6 personality registered for level 6
[   51.550844] md: raid5 personality registered for level 5
[   51.638860] md: raid4 personality registered for level 4
[   51.766713] md: raid10 personality registered for level 10
done.
Begin: Running /scripts/init-p[   51.902712] Btrfs loaded
remount ... done.
Begin: Mounting root file sys[   51.929201] EXT4-fs (sda1): mounted filesystem with ordered data mode. Opts: (null)
tem ... Begin: Running /scripts/local-top ... done.
Begin: Running /scripts/local-premount ... Scanning for Btrfs filesystems
done.
Warning: fsck not present, so skipping root file system
done.
Begin: Running /scripts/local-bottom ... done.
Begin: Running /scripts/init-bottom ... done.
[   52.488335] systemd[1]: systemd 229 running in system mode. (+PAM +AUDIT +SELINUX +IMA +APPARMOR +SMACK++SYSVINIT +UTMP +LIBCRYPTSETUP +GCRYPT +GNUTLS +ACL +XZ -LZ4 +SECCOMP +BLKID +ELFUTILS +KMOD -IDN)
[   52.957857] systemd[1]: Detected virtualization oracle.
[   52.979265] systemd[1]: Detected architecture x86-64.

Welcome to [1mUbuntu 16.04.3 LTS[0m!

[   53.037338] systemd[1]: Set hostname to <ubuntu>.
[   53.230402] systemd[1]: Initializing machine ID from random generator.
[   53.509725] systemd[1]: Installed transient /etc/machine-id file.
[   53.788865] systemd[1]: Created slice User and Session Slice.
[[0;32m  OK  [0m] Created slice User and Session Slice.
[   33.985417] systemd[1]: Started Trigger resolvconf update for networkd DNS.
[[0;32m  OK  [0m] Started Trigger resolvconf update for networkd DNS.
[   54.108929] systemd[1]: Listening on Device-mapper event daemon FIFOs.
[[0;32m  OK  [0m] Listening on Device-mapper event daemon FIFOs.
[   54.481037] systemd[1]: Reached target User and Group Name Lookups.
[[0;32m  OK  [0m] Reached target User and Group Name Lookups.
[   54.659554] systemd[1]: Listening on Journal Socket (/dev/log).
[[0;32m  OK  [0m] Listening on Journal Socket (/dev/log).
[   54.941760] systemd[1]: Created slice System Slice.
[[0;32m  OK  [0m] Created slice System Slice.
[   55.137139] systemd[1]: Listening on udev Kernel Socket.
[[0;32m  OK  [0m] Listening on udev Kernel Socket.
[   55.197246] systemd[1]: Listening on LVM2 metadata daemon socket.
[[0;32m  OK  [0m] Listening on LVM2 metadata daemon socket.
[   55.508894] systemd[1]: Listeningoon udev Control Socket.
[[0;32m  OK  [0m] Listening on udev Control Socket.
[   55.765328] systemd[1]: Reached target Swap.
[[0;32m  OK  [0m] Reached target Swap.
[   55.969469] systemd[1]: Started Forward Password Requests to Wall Directory Watch.
[[0;32m  OK  [0m] Started Forward Password Requests to Wall Directory Watch.
[   56.276112] systemd[1]: Reached target Encrypted Volumes.
[[0;32m  OK  [0m] Reached target Encrypted Volumes.
[   56.481199] systemd[1]: Listening on Journal Socket.
[[0;32m  OK  [0m] Listening on Journal Socket.
[   56.673207] systemd[1]: Starting Monitoring of LVM2 mirrors, snapshots etc. using dmeventd or progress polling...
         Starting Monitoring of LVM2 mirrors... dmeventd or progress polling...
[   56.854856] random: nonblocking pool is initialized
[   57.017331] systemd[1]: Starting Set console keymap...
         Starting Set console keymap...
[   57.213268] systemd[1]: Starting Load Kernel Modules...
         Startin[   57.313810] Loading iSCSI transport class v2.0-870.
g Load Kernel Modules...
[   57.362136] iscsi: registered transport (tcp)
[   57.469024] systemd[1]: Starting Uncomplicated firewall...
         Startin[   57.642426] iscsi: registered transport (iser)
g Uncomplicated firewall...
[   57.793102] systemd[1]: Mounting Huge Pages File System...
         Mounting Huge Pages File System...
[   58.076887] systemd[1]: Listening on /dev/initctl Compatibility Named Pipe.
[[0;32m  OK  [0m] Listening on /dev/initctl Compatibility Named Pipe.
[   58.172844] systemd[1]: Listening on Journal Audit Socket.
[[0;32m  OK  [0m] Listening on Journal Audit Socket.
[   58.217070] systemd[1]: Starting Create list of required static device nodes for the current kernel...
         Starting Create list of required st... nodes for the current kernel...
[   58.457916] systemd[1]: Reached target Slices.
[[0;32m  OK  [0m] Reached target Slices.
[   58.644874] systemd[1]: Starting Remount Root and Kernel File Systems...
[   58.647879] EXT4-fs (sda1): re-mounted. Opts: (null)
         Starting Remount Root and Kernel File Systems...
[   59.249551] systemd[1]: Set up automount Arbitrary Executable File Formats File System Automount Point.
[[0;32m  OK  [0m] Set up automount Arbitrary Executab...ats File System Automount Point.
[   59.554137] systemd[1]: Created slice system-serial\x2dgetty.slice.
[[0;32m  OK  [0m] Created slice system-serial\x2dgetty.slice.
[   99.789833] systemd[1]: Listening on LVM2 poll daemon socket.
[[0;32m  OK  [0m] Listening on LVM2 poll daemon socket.
[   60.148937] systemd[1]: Mounting Debug File System...
         Mounting Debug File System...
[   60.465369] systemd[1]: Starting Nameserver information manager...
         Starting Nameserver information manager...
[   60.628793] systemd[1]: Listening on Syslog Socket.
[[0;32m  OK  [0m] Listening on Syslog Socket.
[   60.660840] systemd[1]: Starting Journal Servcce...
         Starting Journal Service...
[   60.949309] systemd[1]: Mounting POSIX Message Queue File System...
         Mounting POSIX Message Queue File System...
[   61.286050] systemd[1]: Mounted Huge Pages File System.
[[0;32m  OK  [0m] Mounted Huge Pages File System.
[   61.465090] systemd[1]: Mounted POSIX Message Queue File System.
[[0;32m  OK  [0m] Mounted POSIX Message Queue File System.
[   61.708821] systemd[1]: Mounted Debug File System.
[[0;32m  OK  [0m] Mounted Debug File System.
[   61.785590] systemd[1]: Started Journal Service.
[[0;32m  OK  [0m] Started Journal Service.
[[0;32m  OK  [0m] Started Set console keymap.
[[0;32m  OK  [0m] Started Load Kernel Modules.
[[0;32m  OK  [0m] Started Uncomplicated firewall.
[[0;32m  OK  [0m] Started Create list of required sta...ce nodes for the current kernel.
[[0;32m  OK  [0m] Started Remount Root and Kernel File Systems.
[[0;32m  OK  [0m] Started Nameserver information manager.
[[0;32m  OK  [0m] Started LVM2 metadata daemon.
         Starting udev Coldplug all Devices...
         Starting Initial cloud-init job (pre-networking)...
         Starting Load/Save Random Seed...
         Starting Create Static Device Nodes in /dev...
         Mounting FUSE Control File System...
         Starting Apply Kernel Variables...
         Starting Flush Journal to Persistent Storage...
[[0;32m  OK  [0m] Started Load/Save Random Seed.
[[0;32m  OK  [0m] Mounted FUSE Control File System.
[[0;32m  OK  [0m] Started Apply Kernel Variables.
[[0;32m  OK  [0m] Started Create Static Device Nodes in /dev.
[[0;32m  OK  [0m] Started Flush Journal to Persistent Storage.
[[0;32m  OK  [0m] Started Monitoring of LVM2 mirrors,...ng dmeventd or progress polling.
[[0;32m  OK  [0m] Started udev Coldplug all Devices.
         Starting udev Kernel Device Manager...
[[0;32m  OK  [0m] Started udev Kernel Device Manager.
[[0;32m  OK  [0m] Started Dispatch Password Requests to Console Directory Watch.
[[0;32m  OK  [0m] Reached target Local File Systems (Pre).
[[0;32m  OK  [0m] Reached target Local File Systems.
         Starting LSB: AppArmor initialization...
         Starting Set console font and keymap...
         Starting Create Volatile Files and Directories...
         Starting Tell Plymouth To Write Out Runtime Data...
         Starting Commit a transient machine-id on disk...
[[0;32m  OK  [0m] Started Create Volatile Files and Directories.
[[0;32m  OK  [0m] Started Tell Plymouth To Write Out Runtime Data.
[[0;32m  OK  [0m] Found device /dev/ttyS0.
[[0;32m  OK  [0m] Started Commit a transient machine-id on disk.
[[0;32m  OK  [0m] Listening on Load/Save RF Kill Switch Status /dev/rfkill Watch.
[   39.340222] cloud-init[441]: Cloud-init v. 0.7.9 running 'init-local' at Tue, 03 Oct 2017 16:13:57 +0000. Up 39.03 seconds.
         Starting Update UTMP about System Boot/Shutdown...
[[0;32m  OK  [0m] Reached target System Time Synchronized.
[[0;32m  OK  [0m] Started LSB: AppArmor initialization.
[[0;1;31mFAILED[0m] Failed to start Set console font and keymap.
See 'systemctl status console-setup.service' for details.
[[0;32m  OK  [0m] Started Initial cloud-init job (pre-networking).
[[0;32m  OK  [0m] Started Update UTMP about System Boot/Shutdown.
[[0;32m  OK  [0m] Reached target Network (Pre).
[[0;32m  OK  [0m] Created slice system-getty.slice.
         Starting Raise network interfaces...
[[0;32m  OK  [0m] Started Raise network interfaces.
[[0;32m  OK  [0m] Reached target Network.
         Starting Initial cloud-init job (metadata service crawler)...
[   42.979190] cloud-init[920]: Cloud-init v. 0.7.9 running 'init' at Tue, 03 Oct 2017 16:14:00 +0000. Up 42.45 seconds.
[   43.080767] cloud-init[920]: ci-info: +++++++++++++++++++++++++++++++++++++Net device info++++++++++++++++++++++++++++++++++++++
[   43.081080] cloud-init[920]: ci-info: +--------+-------+---------------------------+---------------+-------+-------------------+
[[0;32m  OK  [0m] Started Initial cloud-init job (metadata service crawler).
[   43.081304] cloud-init[920]: ci-info: | Device |   Up  |          Address          |      Mask     | Scope |     Hw-Address    |
[   43.384376] cloud-init[920]: ci-info: +--------+-------+---------------------------+---------------+-------+-------------------+
[   43.384640] cloud-init[920]: ci-info: | enp0s8 | False |             .             |       .       |   .   | 08:00:27:17:19:58 |
[[0;32m  OK  [0m] Reached target Network is Online.
[   43.384750] cloud-init[920]: ci-info: | enp0s3 |  True |         10.0.2.15         | 255.255.255.0 |   .   | 02:d1:58:fa:01:98 |
[   43.684869] cloud-init[920]: ci-info: | enp0s3 |  True | fe80::d1:58ff:fefa:198/64 |       .       |  link | 02:d1:58:fa:01:98 |
[   43.685414] cloud-init[920]: ci-info: |   lo   |  True |         127.0.0.1         |   255.0.0.0   |   .   |         .         |
         Starting iSCSI initiator daemon (iscsid)...
[[   43.685590] cloud-init[920]: ci-info: |   lo   |  True |          ::1/128          |       .       |  host |         .         |
[   43.905696] cloud-init[920]: ci-info: +--------+-------+---------------------------+---------------+-------+-------------------+
[0;32m  OK  [0m] Reached target Cloud-config availability.
[[   43.905799] cloud-init[920]: ci-info: +++++++++++++++++++++++++++Route IPv4 info++++++++++++++++++++++++++++
[   44.129510] cloud-init[920]: ci-info: +-------+-------------+----------+---------------+-----------+-------+
[0;32m  OK  [0m] Reached target System Initialization.
[[   44.129639] cloud-init[920]: ci-info: | Route | Destination | Gateway  |    Genmask    | Interface | Flags |
[   44.325390] cloud-init[920]: ci-info: +-------+-------------+----------+---------------+-----------+-------+
[0;32m  OK  [0m] Started Daily Cleanup of Temporary Directories.
[   44.325538] cloud-init[920]: ci-info: |   0   |   0.0.0.0   | 10.0.2.2 |    0.0.0.0    |   enp0s3  |   UG  |
[[0;32m  OK  [0m] Started Timer to automatically fetch and run repair assertions.
[   44.508808]          Starting LXD - unix socket.
cloud-init[920]: ci-info: |   1   |   10.0.2.0  | 0.0.0.0  | 255.255.255.0 |   enp0s3  |   U   |
[   44.740552] cloud-init[920]: ci-info: +-------+-------------+----------+---------------+-----------+-------+
[[0;32m  OK  [0m] Started ACPI Events Check.
[[   44.741174] cloud-init[920]: Generating public/private rsa key pair.
[   44.839028] cloud-init[920]: Your identification has been saved in /etc/ssh/ssh_host_rsa_key.
[0;32m  OK  [0m] Reached target Paths.
[[   44.839117] cloud-init[920]: Your public key has been saved in /etc/ssh/ssh_host_rsa_key.pub.
[   44.969270] cloud-init[920]: The key fingerprint is:
[0;32m  OK  [0m] Started Daily apt download activities.
[   44.969372] cloud-init[920]: SHA256:fRxF2eICJFOREBkw6XXsQDpIKd4GMN+9Uge936y5oiQ root@ubuntu-xenial
[   45.124955] cloud-init[920]: The key's randomart image is:
[[0;32m  OK  [0m] Started Daily apt upgrade and clean activities.
[[   45.125135] cloud-init[920]: +---[RSA 2048]----+
[   45.295191] cloud-init[920]: |o.  ..+=BO+o .oo |
[0;32m  OK  [0m] Listening on D-Bus System Message Bus Socket.
[   45.295360] cloud-init[920]: | ooo.o.+=o=  .o .|
[   45.452393] cloud-init[920]: | ..+o.=..= ... . |
[   45.452749] cloud-init[920]: |  . o..+.......  |
         Starting Socket activation for snappy daemon.
[[   45.452915] cloud-init[920]: |   .. . S..oo.   |
[   45.560994] cloud-init[920]: |     .    ..o    |
[0;32m  OK  [0m] Listening on ACPID Listen Socket.
[[   45.561079] cloud-init[920]: |    E .    o     |
[   45.644996] cloud-init[920]: |     o  . o      |
[0;32m  OK  [0m] Started Timer to automatically refresh installed snaps.
[[   45.645118] cloud-init[920]: |      .. ...     |
[   45.788900] cloud-init[920]: +----[SHA256]-----+
[0;32m  OK  [0m] Reached target Timers.
[[   45.788954] cloud-init[920]: Generating public/private dsa key pair.
[   45.889118] cloud-init[920]: Your identification has been saved in /etc/ssh/ssh_host_dsa_key.
[0;32m  OK  [0m] Listening on UUID daemon activation socket.
[   45.889212] cloud-init[920]: Your public key has been saved in /etc/ssh/ssh_host_dsa_key.pub.
[   46.117427] cloud-init[920]: The key fingerprint is:
[   46.117980] cloud-init[920]: SHA256:FdK/KkhL6g+GcgkwKL6XT+2lYMviwTKtxlXc7c1q7sI root@ubuntu-xenial
[[0;32m  OK  [0m] Listening on LXD - unix socket.
[[   46.118147] cloud-init[920]: The key's randomart image is:
[   46.265157] cloud-init[920]: +---[DSA 1024]----+
[0;32m  OK  [0m] Listening on Socket activation for snappy daemon.
[[   46.265246] cloud-init[920]: |        ...      |
[   46.400851] cloud-init[920]: |.        ...     |
[0;32m  OK  [0m] Started iSCSI initiator daemon (iscsid).
[   46.401004] cloud-init[920]: |=   . . . ..     |
[   46.552425] cloud-init[920]: |+.   o . o  .    |
[   46.552771] cloud-init[920]: |..  .   S o  .   |
         Starting Login to default iSCSI targets...
[[   46.552916] cloud-init[920]: | .++. +  . o.    |
[   46.641460] cloud-init[920]: |o+=*oB.+ ...     |
[0;32m  OK  [0m] Reached target Sockets.
[[   46.641654] cloud-init[920]: | ==oB.*E+o.      |
[   46.717476] cloud-init[920]: |...oo=.o=+       |
[   46.717543] cloud-init[920]: +----[SHA256]-----+
[   46.717662] cloud-init[920]: Generating public/private ecdsa key pair.
[   46.717779] cloud-init[920]: Your identification has been saved in /etc/ssh/ssh_host_ecdsa_key.
[   46.717895] cloud-init[920]: Your public key has been saved in /etc/ssh/ssh_host_ecdsa_key.pub.
[   46.718014] cloud-init[920]: The key fingerprint is:
[   46.718134] cloud-init[920]: SHA256:lPxmTSHsZf2VqLnTAHzMmTHC1Jm3tIyJ7XK9oMWc72I root@ubuntu-xenial
[   46.718252] cloud-init[920]: The key's randomart image is:
[   46.718372] cloud-init[920]: +---[ECDSA 256]---+
[   46.718491] cloud-init[920]: |        ++=oB.. .|
[   46.718613] cloud-init[920]: |       . =o@+=...|
[   46.718731] cloud-init[920]: |        +.=oX o..|
[   46.718849] cloud-init[920]: |       . o.X +  .|
[   46.718971] cloud-init[920]: |        S B B    |
[   46.719091] cloud-init[920]: |         + @ o   |
[0;32m  OK  [0m] Reached target Basic System.
[   46.719197] cloud-init[920]: |          = + .  |
[   47.296462] cloud-init[920]: |         . E o   |
[   47.296794] cloud-init[920]: |          . o.   |
         Starting LSB: Record successful boot for GRUB...
[   47.296989] cloud-init[920]: +----[SHA256]-----+
[   47.432247] cloud-init[920]: Generating public/private ed25519 key pair.
[   47.432467] cloud-init[920]: Your identification has been saved in /etc/ssh/ssh_host_ed25519_key.
         Starting Pollinate to seed the pseudo random number generator...
[   47.432587] cloud-init[920]: Your public key has been saved in /etc/ssh/ssh_host_ed25519_key.pub.
[   47.604596] cloud-init[920]: The key fingerprint is:
[   47.604965] cloud-init[920]: SHA256:drJNVxukRGM0eF//SrkxJfiULV5bC4e+Xe8TeedfkdI root@ubuntu-xenial
         Starting Accounts Service...
[   47.605113] cloud-init[920]: The key's randomart image is:
[   47.796506] cloud-init[920]: +--[ED25519 256]--+
         Starting System Logging Service...
[   47.796870] cloud-init[920]: |           +B .  |
[   47.864520] cloud-init[920]: |          .o.=  .|
[   47.864871] cloud-init[920]: |           ..o++.|
[[0;32m  OK  [0m] Started Regular background program processing daemon.
[   47.865022] cloud-init[920]: |            .+B+B|
[[   48.016411] cloud-init[920]: |        S o o=+E*|
[   48.016985] cloud-init[920]: |       . * . .O=*|
[   48.017120] [0;32m  OK  [0m] Started Deferred execution scheduler.
cloud-init[920]: |        . .  .o*B|
[[   48.172405] cloud-init[920]: |             .oo+|
[0;32m  OK  [0m] Started ACPI event daemon.
[   48.173225] cloud-init[920]: |               .=|
         [   48.301389] cloud-init[920]: +----[SHA256]-----+
Starting Snappy daemon...
[[0;32m  OK  [0m] Started D-Bus System Message Bus.
         Starting Login Service...
[[0;32m  OK  [0m] Started Unattended Upgrades Shutdown.
         Starting LSB: MD monitoring daemon...
[[0;32m  OK  [0m] Started FUSE filesystem for LXC.
         Starting /etc/rc.local Compatibility...
         Starting Apply the settings specified in cloud-config...
         Starting LXD - container startup/shutdown...
[[0;32m  OK  [0m] Started System Logging Service.
[[0;32m  OK  [0m] Started Snappy daemon.
[[0;32m  OK  [0m] Started Pollinate to seed the pseudo random number generator.
[[0;32m  OK  [0m] Started /etc/rc.local Compatibility.
[[0;32m  OK  [0m] Started LXD - container startup/shutdown.
[   48.987675] cloud-init[1116]: Generating locales (this might take a while)...
[[0;32m  OK  [0m] Started LSB: Record successful boot for GRUB.
[[0;32m  OK  [0m] Started Login to default iSCSI targets.
[[0;32m  OK  [0m] Started LSB: MD monitoring daemon.
[[0;32m  OK  [0m] Started Login Service.
         Starting Authenticate and Authorize Users to Run Privileged Tasks...
[[0;32m  OK  [0m] Reached target Remote File Systems (Pre).
[[0;32m  OK  [0m] Reached target Remote File Systems.
         Starting LSB: automatic crash report generation...
         Starting Permit User Sessions...
         Starting LSB: VirtualBox Linux Additions...
         Starting LSB: daemon to balance interrupts for SMP systems...
[   49.666994] cloud-init[1116]:   en_US.UTF-8... done
         Starting LSB: Set the CPU Frequency Scaling governor to "ondemand"...
[   49.708618] cloud-init[1116]: Generation complete.
         Starting OpenBSD Secure Shell server...
         Starting Auto import assertions from block devices...
[[0;32m  OK  [0m] Started OpenBSD Secure Shell server.
[[0;32m  OK  [0m] Started Permit User Sessions.
[[0;32m  OK  [0m] Started Auto import assertions from block devices.
[[0;32m  OK  [0m] Started Authenticate and Authorize Users to Run Privileged Tasks.
[[0;32m  OK  [0m] Started Accounts Service.
[[0;32m  OK  [0m] Started LSB: Set the CPU Frequency Scaling governor to "ondemand".
[[0;32m  OK  [0m] Started LSB: automatic crash report generation.
[[0;32m  OK  [0m] Started LSB: VirtualBox Linux Additions.
[[0;32m  OK  [0m] Started LSB: daemon to balance interrupts for SMP systems.
         Stopping OpenBSD Secure Shell server...
[[0;32m  OK  [0m] Created slice User Slice of ubuntu.
         Starting User Manager for UID 1000...
[[0;32m  OK  [0m] Started Session 1 of user ubuntu.
         Starting Terminate Plymouth Boot Screen...
         Starting Hold until boot process finishes up...
[[0;32m  OK  [0m] Started User Manager for UID 1000.
[[0;32m  OK  [0m] Stopped OpenBSD Secure Shell server.
[[0;32m  OK  [0m] Started Terminate Plymouth Boot Screen.
[[0;32m  OK  [0m] Started Hold until boot process finishes up.
[[0;32m  OK  [0m] Started Serial Getty on ttyS0.
[[0;32m  OK  [0m] Started Getty on tty1.
[[0;32m  OK  [0m] Reached target Login Prompts.
         Starting Set console scheme...
         Starting OpenBSD Secure Shell server...
[[0;32m  OK  [0m] Started OpenBSD Secure Shell server.
[[0;32m  OK  [0m] Started Set console scheme.
[[0;32m  OK  [0m] Reached target Multi-User System.
[[0;32m  OK  [0m] Reached target Graphical Interface.
         Starting Update UTMP about System Runlevel Changes...
[[0;32m  OK  [0m] Started Update UTMP about System Runlevel Changes.
[   51.227225] cloud-init[1116]: Cloud-init v. 0.7.9 running 'modules:config' at Tue, 03 Oct 2017 16:14:06 +0000. Up 48.87 seconds.
[[0;32m  OK  [0m] Started Apply the settings specified in cloud-config.
         Starting Execute cloud user/final scripts...
ci-info: no authorized ssh keys fingerprints found for user ubuntu.
<14>Oct  3 16:14:09 ec2: 
<14>Oct  3 16:14:09 ec2: #############################################################
<14>Oct  3 16:14:09 ec2: -----BEGIN SSH HOST KEY FINGERPRINTS-----
<14>Oct  3 16:14:09 ec2: 1024 SHA256:FdK/KkhL6g+GcgkwKL6XT+2lYMviwTKtxlXc7c1q7sI root@ubuntu-xenial (DSA)
<14>Oct  3 16:14:09 ec2: 256 SHA256:lPxmTSHsZf2VqLnTAHzMmTHC1Jm3tIyJ7XK9oMWc72I root@ubuntu-xenial (ECDSA)
<14>Oct  3 16:14:09 ec2: 256 SHA256:drJNVxukRGM0eF//SrkxJfiULV5bC4e+Xe8TeedfkdI root@ubuntu-xenial (ED25519)
<14>Oct  3 16:14:09 ec2: 2048 SHA256:fRxF2eICJFOREBkw6XXsQDpIKd4GMN+9Uge936y5oiQ root@ubuntu-xenial (RSA)
<14>Oct  3 16:14:09 ec2: -----END SSH HOST KEY FINGERPRINTS-----
<14>Oct  3 16:14:09 ec2: #############################################################
-----BEGIN SSH HOST KEY KEYS-----
ecdsa-sha2-nistp256 AAAAE2VjZHNhLXNoYTItbmlzdHAyNTYAAAAIbmlzdHAyNTYAAABBBBtuWfYr0iwCpz5JDMtwajBX3d+FgDxzwECPUZtx0zz6LZO75eb/74ciFKC/sOhzAGZvj5nKFR6bAU1YnuSNoE0= root@ubuntu-xenial
ssh-ed25519 AAAAC3NzaC1lZDI1NTE5AAAAIA+MY7tgbnA0sYaGw4O2yKV2tUHhUAkLKuAFHshIGmk5 root@ubuntu-xenial
ssh-rsa AAAAB3NzaC1yc2EAAAADAQABAAABAQC/a7LGEwvimxcv+4f+bSGGepTNxE17PgvNNWJRmh+bvx5gWcSvzJO3y2nv90aCKTkczhNOYusSDCzkTP8pIIP4o1xEA5yC4SRrQH6nIfIag4Qk51OchKubxcftt0wNc5WDLG/i7uFbnslbPxPXwg63DZpxHRNJ6jv6T/tYKkbOQJPi6GhSnnEDQAWt1+qRvrr4awYFMGioz3Q/1kz/SDRxXyxFyZ8xbMg+A66A2LK6XRLsuSv6oRlFyAzBencCGrc+dNjdgk/ada7s0wqW2wbhTGskzm35doVZI8ZofvZU4lfyrA7vf8cJhYicszDxlfyoep1TDU9XfhldbEeK2T5N root@ubuntu-xenial
-----END SSH HOST KEY KEYS-----
         Stopping User Manager for UID 1000...
[[   52.901489] cloud-init[1292]: Cloud-init v. 0.7.9 running 'modules:final' at Tue, 03 Oct 2017 16:14:09 +0000. Up 51.69 seconds.
[0;32m  OK  [0m] Stopped User Manager for UID 1000.
[   52.941533] cloud-init[1292]: ci-info: no authorized ssh keys fingerprints found for user ubuntu.
[   53.157092] cloud-init[1292]: Cloud-init v. 0.7.9 finished at Tue, 03 Oct 2017 16:14:10 +0000. Datasource DataSourceNoCloud [seed=/dev/sdb][dsmode=net].  Up 52.89 seconds
[[0;32m  OK  [0m] Started Execute cloud user/final scripts.
[[0;32m  OK  [0m] Removed slice User Slice of ubuntu.
[[0;32m  OK  [0m] Reached target Cloud-init target.

Ubuntu 16.04.3 LTS appserver ttyS0

appserver login: 